This is pdfTeX, Version 3.14159265-2.6-1.40.19 (MiKTeX 2.9.6930 64-bit) (preloaded format=pdflatex 2019.2.27)  12 SEP 2019 22:12
entering extended mode
**./Template_Lista1_TG.tex
(Template_Lista1_TG.tex
LaTeX2e <2018-12-01>
("C:\Users\Angela\AppData\Local\Programs\MiKTeX 2.9\tex/latex/base\article.cls"
Document Class: article 2018/09/03 v1.4i Standard LaTeX document class
("C:\Users\Angela\AppData\Local\Programs\MiKTeX 2.9\tex/latex/base\size11.clo"
File: size11.clo 2018/09/03 v1.4i Standard LaTeX file (size option)
)
\c@part=\count80
\c@section=\count81
\c@subsection=\count82
\c@subsubsection=\count83
\c@paragraph=\count84
\c@subparagraph=\count85
\c@figure=\count86
\c@table=\count87
\abovecaptionskip=\skip41
\belowcaptionskip=\skip42
\bibindent=\dimen102
)
("C:\Users\Angela\AppData\Local\Programs\MiKTeX 2.9\tex/latex/amsfonts\amsfonts
.sty"
Package: amsfonts 2013/01/14 v3.01 Basic AMSFonts support
\@emptytoks=\toks14
\symAMSa=\mathgroup4
\symAMSb=\mathgroup5
LaTeX Font Info:    Overwriting math alphabet `\mathfrak' in version `bold'
(Font)                  U/euf/m/n --> U/euf/b/n on input line 106.
)
("C:\Users\Angela\AppData\Local\Programs\MiKTeX 2.9\tex/latex/amsmath\amsmath.s
ty"
Package: amsmath 2018/12/01 v2.17b AMS math features
\@mathmargin=\skip43

For additional information on amsmath, use the `?' option.

("C:\Users\Angela\AppData\Local\Programs\MiKTeX 2.9\tex/latex/amsmath\amstext.s
ty"
Package: amstext 2000/06/29 v2.01 AMS text

("C:\Users\Angela\AppData\Local\Programs\MiKTeX 2.9\tex/latex/amsmath\amsgen.st
y"
File: amsgen.sty 1999/11/30 v2.0 generic functions
\@emptytoks=\toks15
\ex@=\dimen103
))
("C:\Users\Angela\AppData\Local\Programs\MiKTeX 2.9\tex/latex/amsmath\amsbsy.st
y"
Package: amsbsy 1999/11/29 v1.2d Bold Symbols
\pmbraise@=\dimen104
)
("C:\Users\Angela\AppData\Local\Programs\MiKTeX 2.9\tex/latex/amsmath\amsopn.st
y"
Package: amsopn 2016/03/08 v2.02 operator names
)
\inf@bad=\count88
LaTeX Info: Redefining \frac on input line 223.
\uproot@=\count89
\leftroot@=\count90
LaTeX Info: Redefining \overline on input line 385.
\classnum@=\count91
\DOTSCASE@=\count92
LaTeX Info: Redefining \ldots on input line 482.
LaTeX Info: Redefining \dots on input line 485.
LaTeX Info: Redefining \cdots on input line 606.
\Mathstrutbox@=\box27
\strutbox@=\box28
\big@size=\dimen105
LaTeX Font Info:    Redeclaring font encoding OML on input line 729.
LaTeX Font Info:    Redeclaring font encoding OMS on input line 730.
\macc@depth=\count93
\c@MaxMatrixCols=\count94
\dotsspace@=\muskip10
\c@parentequation=\count95
\dspbrk@lvl=\count96
\tag@help=\toks16
\row@=\count97
\column@=\count98
\maxfields@=\count99
\andhelp@=\toks17
\eqnshift@=\dimen106
\alignsep@=\dimen107
\tagshift@=\dimen108
\tagwidth@=\dimen109
\totwidth@=\dimen110
\lineht@=\dimen111
\@envbody=\toks18
\multlinegap=\skip44
\multlinetaggap=\skip45
\mathdisplay@stack=\toks19
LaTeX Info: Redefining \[ on input line 2844.
LaTeX Info: Redefining \] on input line 2845.
)
("C:\Users\Angela\AppData\Local\Programs\MiKTeX 2.9\tex/latex/amscls\amsthm.sty
"
Package: amsthm 2017/10/31 v2.20.4
\thm@style=\toks20
\thm@bodyfont=\toks21
\thm@headfont=\toks22
\thm@notefont=\toks23
\thm@headpunct=\toks24
\thm@preskip=\skip46
\thm@postskip=\skip47
\thm@headsep=\skip48
\dth@everypar=\toks25
)
("C:\Users\Angela\AppData\Local\Programs\MiKTeX 2.9\tex/latex/amsfonts\amssymb.
sty"
Package: amssymb 2013/01/14 v3.01 AMS font symbols
)
("C:\Users\Angela\AppData\Local\Programs\MiKTeX 2.9\tex/generic/babel\babel.sty
"
Package: babel 2018/11/13 3.27 The Babel package

("C:\Users\Angela\AppData\Local\Programs\MiKTeX 2.9\tex/generic/babel\switch.de
f"
File: switch.def 2018/11/13 3.27 Babel switching mechanism
)
*************************************
* Local config file bblopts.cfg used
*
("C:\Users\Angela\AppData\Local\Programs\MiKTeX 2.9\tex/latex/arabi\bblopts.cfg
"
File: bblopts.cfg 2005/09/08 v0.1 add Arabic and Farsi to "declared" options of
 babel
)
("C:\Users\Angela\AppData\Local\Programs\MiKTeX 2.9\tex/latex/babel-portuges\po
rtuges.ldf"
Language: portuges 2008/03/18 v1.2q Portuguese support from the babel system

("C:\Users\Angela\AppData\Local\Programs\MiKTeX 2.9\tex/generic/babel\babel.def
"
File: babel.def 2018/11/13 3.27 Babel common definitions
\babel@savecnt=\count100
\U@D=\dimen112

("C:\Users\Angela\AppData\Local\Programs\MiKTeX 2.9\tex/generic/babel\txtbabel.
def")
\bbl@dirlevel=\count101
)
\l@brazil = a dialect from \language\l@portuges 
Package babel Info: Making " an active character on input line 145.
))
("C:\Users\Angela\AppData\Local\Programs\MiKTeX 2.9\tex/latex/graphics\graphicx
.sty"
Package: graphicx 2017/06/01 v1.1a Enhanced LaTeX Graphics (DPC,SPQR)

("C:\Users\Angela\AppData\Local\Programs\MiKTeX 2.9\tex/latex/graphics\keyval.s
ty"
Package: keyval 2014/10/28 v1.15 key=value parser (DPC)
\KV@toks@=\toks26
)
("C:\Users\Angela\AppData\Local\Programs\MiKTeX 2.9\tex/latex/graphics\graphics
.sty"
Package: graphics 2017/06/25 v1.2c Standard LaTeX Graphics (DPC,SPQR)

("C:\Users\Angela\AppData\Local\Programs\MiKTeX 2.9\tex/latex/graphics\trig.sty
"
Package: trig 2016/01/03 v1.10 sin cos tan (DPC)
)
("C:\Users\Angela\AppData\Local\Programs\MiKTeX 2.9\tex/latex/graphics-cfg\grap
hics.cfg"
File: graphics.cfg 2016/06/04 v1.11 sample graphics configuration
)
Package graphics Info: Driver file: pdftex.def on input line 99.

("C:\Users\Angela\AppData\Local\Programs\MiKTeX 2.9\tex/latex/graphics-def\pdft
ex.def"
File: pdftex.def 2018/01/08 v1.0l Graphics/color driver for pdftex
))
\Gin@req@height=\dimen113
\Gin@req@width=\dimen114
)
("C:\Users\Angela\AppData\Local\Programs\MiKTeX 2.9\tex/latex/base\fontenc.sty"
Package: fontenc 2018/08/11 v2.0j Standard LaTeX package
("C:\Users\Angela\AppData\Local\Programs\MiKTeX 2.9\tex/latex/base\t1enc.def"
File: t1enc.def 2018/08/11 v2.0j Standard LaTeX file
LaTeX Font Info:    Redeclaring font encoding T1 on input line 48.
)) ("C:\Users\Angela\AppData\Local\Programs\MiKTeX 2.9\tex/latex/ae\ae.sty"
Package: ae 2001/02/12 1.3 Almost European Computer Modern

("C:\Users\Angela\AppData\Local\Programs\MiKTeX 2.9\tex/latex/base\fontenc.sty"
Package: fontenc 2018/08/11 v2.0j Standard LaTeX package
("C:\Users\Angela\AppData\Local\Programs\MiKTeX 2.9\tex/latex/base\t1enc.def"
File: t1enc.def 2018/08/11 v2.0j Standard LaTeX file
LaTeX Font Info:    Redeclaring font encoding T1 on input line 48.
)
LaTeX Font Info:    Try loading font information for T1+aer on input line 105.

("C:\Users\Angela\AppData\Local\Programs\MiKTeX 2.9\tex/latex/ae\t1aer.fd"
File: t1aer.fd 1997/11/16 Font definitions for T1/aer.
)))
("C:\Users\Angela\AppData\Local\Programs\MiKTeX 2.9\tex/latex/graphics\epsfig.s
ty"
Package: epsfig 2017/06/25 v1.7b (e)psfig emulation (SPQR)
\epsfxsize=\dimen115
\epsfysize=\dimen116
)
("C:\Users\Angela\AppData\Local\Programs\MiKTeX 2.9\tex/latex/graphics\color.st
y"
Package: color 2016/07/10 v1.1e Standard LaTeX Color (DPC)

("C:\Users\Angela\AppData\Local\Programs\MiKTeX 2.9\tex/latex/graphics-cfg\colo
r.cfg"
File: color.cfg 2016/01/02 v1.6 sample color configuration
)
Package color Info: Driver file: pdftex.def on input line 147.
)
("C:\Users\Angela\AppData\Local\Programs\MiKTeX 2.9\tex/latex/tools\multicol.st
y"
Package: multicol 2018/11/09 v1.8u multicolumn formatting (FMi)
\c@tracingmulticols=\count102
\mult@box=\box29
\multicol@leftmargin=\dimen117
\c@unbalance=\count103
\c@collectmore=\count104
\doublecol@number=\count105
\multicoltolerance=\count106
\multicolpretolerance=\count107
\full@width=\dimen118
\page@free=\dimen119
\premulticols=\dimen120
\postmulticols=\dimen121
\multicolsep=\skip49
\multicolbaselineskip=\skip50
\partial@page=\box30
\last@line=\box31
\maxbalancingoverflow=\dimen122
\mult@rightbox=\box32
\mult@grightbox=\box33
\mult@gfirstbox=\box34
\mult@firstbox=\box35
\@tempa=\box36
\@tempa=\box37
\@tempa=\box38
\@tempa=\box39
\@tempa=\box40
\@tempa=\box41
\@tempa=\box42
\@tempa=\box43
\@tempa=\box44
\@tempa=\box45
\@tempa=\box46
\@tempa=\box47
\@tempa=\box48
\@tempa=\box49
\@tempa=\box50
\@tempa=\box51
\@tempa=\box52
\c@columnbadness=\count108
\c@finalcolumnbadness=\count109
\last@try=\dimen123
\multicolovershoot=\dimen124
\multicolundershoot=\dimen125
\mult@nat@firstbox=\box53
\colbreak@box=\box54
\mc@col@check@num=\count110
)
("C:\Users\Angela\AppData\Local\Programs\MiKTeX 2.9\tex/latex/base\inputenc.sty
"
Package: inputenc 2018/08/11 v1.3c Input encoding file
\inpenc@prehook=\toks27
\inpenc@posthook=\toks28
 ("C:\Users\Angela\AppData\Local\Programs\MiKTeX 2.9\tex/latex/base\latin1.def"
File: latin1.def 2018/08/11 v1.3c Input encoding file
))
("C:\Users\Angela\AppData\Local\Programs\MiKTeX 2.9\tex/latex/fancyhdr\fancyhea
dings.sty"
Package: fancyheadings 2019/01/31 v3.10 Legacy package to call fancyhdr


Package fancyheadings Warning: Please stop using fancyheadings!
(fancyheadings)                Use fancyhdr instead.
(fancyheadings)                We will call fancyhdr with the very same
(fancyheadings)                options you passed to fancyheadings.
(fancyheadings)                
(fancyheadings)                fancyhdr is 99 percent compatible with
(fancyheadings)                fancyheadings. The only incompatibility is
(fancyheadings)                that \headrulewidth and \footrulewidth and
(fancyheadings)                their \plain... versions are no longer length
(fancyheadings)                parameters, but normal macros (to be changed
(fancyheadings)                with \renewcommand rather than \setlength)..


("C:\Users\Angela\AppData\Local\Programs\MiKTeX 2.9\tex/latex/fancyhdr\fancyhdr
.sty"
Package: fancyhdr 2019/01/31 v3.10 Extensive control of page headers and footer
s
\f@nch@headwidth=\skip51
\f@nch@O@elh=\skip52
\f@nch@O@erh=\skip53
\f@nch@O@olh=\skip54
\f@nch@O@orh=\skip55
\f@nch@O@elf=\skip56
\f@nch@O@erf=\skip57
\f@nch@O@olf=\skip58
\f@nch@O@orf=\skip59
))
("C:\Users\Angela\AppData\Local\Programs\MiKTeX 2.9\tex/latex/hyperref\hyperref
.sty"
Package: hyperref 2018/11/30 v6.88e Hypertext links for LaTeX

("C:\Users\Angela\AppData\Local\Programs\MiKTeX 2.9\tex/generic/oberdiek\hobsub
-hyperref.sty"
Package: hobsub-hyperref 2016/05/16 v1.14 Bundle oberdiek, subset hyperref (HO)


("C:\Users\Angela\AppData\Local\Programs\MiKTeX 2.9\tex/generic/oberdiek\hobsub
-generic.sty"
Package: hobsub-generic 2016/05/16 v1.14 Bundle oberdiek, subset generic (HO)
Package: hobsub 2016/05/16 v1.14 Construct package bundles (HO)
Package: infwarerr 2016/05/16 v1.4 Providing info/warning/error messages (HO)
Package: ltxcmds 2016/05/16 v1.23 LaTeX kernel commands for general use (HO)
Package: ifluatex 2016/05/16 v1.4 Provides the ifluatex switch (HO)
Package ifluatex Info: LuaTeX not detected.
Package: ifvtex 2016/05/16 v1.6 Detect VTeX and its facilities (HO)
Package ifvtex Info: VTeX not detected.
Package: intcalc 2016/05/16 v1.2 Expandable calculations with integers (HO)
Package: ifpdf 2018/09/07 v3.3 Provides the ifpdf switch
Package: etexcmds 2016/05/16 v1.6 Avoid name clashes with e-TeX commands (HO)
Package: kvsetkeys 2016/05/16 v1.17 Key value parser (HO)
Package: kvdefinekeys 2016/05/16 v1.4 Define keys (HO)
Package: pdftexcmds 2018/09/10 v0.29 Utility functions of pdfTeX for LuaTeX (HO
)
Package pdftexcmds Info: LuaTeX not detected.
Package pdftexcmds Info: \pdf@primitive is available.
Package pdftexcmds Info: \pdf@ifprimitive is available.
Package pdftexcmds Info: \pdfdraftmode found.
Package: pdfescape 2016/05/16 v1.14 Implements pdfTeX's escape features (HO)
Package: bigintcalc 2016/05/16 v1.4 Expandable calculations on big integers (HO
)
Package: bitset 2016/05/16 v1.2 Handle bit-vector datatype (HO)
Package: uniquecounter 2016/05/16 v1.3 Provide unlimited unique counter (HO)
)
Package hobsub Info: Skipping package `hobsub' (already loaded).
Package: letltxmacro 2016/05/16 v1.5 Let assignment for LaTeX macros (HO)
Package: hopatch 2016/05/16 v1.3 Wrapper for package hooks (HO)
Package: xcolor-patch 2016/05/16 xcolor patch
Package: atveryend 2016/05/16 v1.9 Hooks at the very end of document (HO)
Package atveryend Info: \enddocument detected (standard20110627).
Package: atbegshi 2016/06/09 v1.18 At begin shipout hook (HO)
Package: refcount 2016/05/16 v3.5 Data extraction from label references (HO)
Package: hycolor 2016/05/16 v1.8 Color options for hyperref/bookmark (HO)
)
("C:\Users\Angela\AppData\Local\Programs\MiKTeX 2.9\tex/generic/ifxetex\ifxetex
.sty"
Package: ifxetex 2010/09/12 v0.6 Provides ifxetex conditional
)
("C:\Users\Angela\AppData\Local\Programs\MiKTeX 2.9\tex/latex/oberdiek\auxhook.
sty"
Package: auxhook 2016/05/16 v1.4 Hooks for auxiliary files (HO)
)
("C:\Users\Angela\AppData\Local\Programs\MiKTeX 2.9\tex/latex/oberdiek\kvoption
s.sty"
Package: kvoptions 2016/05/16 v3.12 Key value format for package options (HO)
)
\@linkdim=\dimen126
\Hy@linkcounter=\count111
\Hy@pagecounter=\count112

("C:\Users\Angela\AppData\Local\Programs\MiKTeX 2.9\tex/latex/hyperref\pd1enc.d
ef"
File: pd1enc.def 2018/11/30 v6.88e Hyperref: PDFDocEncoding definition (HO)
Now handling font encoding PD1 ...
... no UTF-8 mapping file for font encoding PD1
)
\Hy@SavedSpaceFactor=\count113

("C:\Users\Angela\AppData\Local\Programs\MiKTeX 2.9\tex/latex/00miktex\hyperref
.cfg"
File: hyperref.cfg 2002/06/06 v1.2 hyperref configuration of TeXLive
)
Package hyperref Info: Hyper figures OFF on input line 4519.
Package hyperref Info: Link nesting OFF on input line 4524.
Package hyperref Info: Hyper index ON on input line 4527.
Package hyperref Info: Plain pages OFF on input line 4534.
Package hyperref Info: Backreferencing OFF on input line 4539.
Package hyperref Info: Implicit mode ON; LaTeX internals redefined.
Package hyperref Info: Bookmarks ON on input line 4772.
\c@Hy@tempcnt=\count114
 ("C:\Users\Angela\AppData\Local\Programs\MiKTeX 2.9\tex/latex/url\url.sty"
\Urlmuskip=\muskip11
Package: url 2013/09/16  ver 3.4  Verb mode for urls, etc.
)
LaTeX Info: Redefining \url on input line 5125.
\XeTeXLinkMargin=\dimen127
\Fld@menulength=\count115
\Field@Width=\dimen128
\Fld@charsize=\dimen129
Package hyperref Info: Hyper figures OFF on input line 6380.
Package hyperref Info: Link nesting OFF on input line 6385.
Package hyperref Info: Hyper index ON on input line 6388.
Package hyperref Info: backreferencing OFF on input line 6395.
Package hyperref Info: Link coloring OFF on input line 6400.
Package hyperref Info: Link coloring with OCG OFF on input line 6405.
Package hyperref Info: PDF/A mode OFF on input line 6410.
LaTeX Info: Redefining \ref on input line 6450.
LaTeX Info: Redefining \pageref on input line 6454.
\Hy@abspage=\count116
\c@Item=\count117
\c@Hfootnote=\count118
)
Package hyperref Info: Driver (autodetected): hpdftex.

("C:\Users\Angela\AppData\Local\Programs\MiKTeX 2.9\tex/latex/hyperref\hpdftex.
def"
File: hpdftex.def 2018/11/30 v6.88e Hyperref driver for pdfTeX
\Fld@listcount=\count119
\c@bookmark@seq@number=\count120

("C:\Users\Angela\AppData\Local\Programs\MiKTeX 2.9\tex/latex/oberdiek\rerunfil
echeck.sty"
Package: rerunfilecheck 2016/05/16 v1.8 Rerun checks for auxiliary files (HO)
Package uniquecounter Info: New unique counter `rerunfilecheck' on input line 2
82.
)
\Hy@SectionHShift=\skip60
)
("C:\Users\Angela\AppData\Local\Programs\MiKTeX 2.9\tex/latex/pgf/frontendlayer
\tikz.sty"
("C:\Users\Angela\AppData\Local\Programs\MiKTeX 2.9\tex/latex/pgf/basiclayer\pg
f.sty"
("C:\Users\Angela\AppData\Local\Programs\MiKTeX 2.9\tex/latex/pgf/utilities\pgf
rcs.sty"
("C:\Users\Angela\AppData\Local\Programs\MiKTeX 2.9\tex/generic/pgf/utilities\p
gfutil-common.tex"
\pgfutil@everybye=\toks29
\pgfutil@tempdima=\dimen130
\pgfutil@tempdimb=\dimen131

("C:\Users\Angela\AppData\Local\Programs\MiKTeX 2.9\tex/generic/pgf/utilities\p
gfutil-common-lists.tex"))
("C:\Users\Angela\AppData\Local\Programs\MiKTeX 2.9\tex/generic/pgf/utilities\p
gfutil-latex.def"
\pgfutil@abb=\box55

("C:\Users\Angela\AppData\Local\Programs\MiKTeX 2.9\tex/latex/ms\everyshi.sty"
Package: everyshi 2001/05/15 v3.00 EveryShipout Package (MS)
))
("C:\Users\Angela\AppData\Local\Programs\MiKTeX 2.9\tex/generic/pgf/utilities\p
gfrcs.code.tex"
("C:\Users\Angela\AppData\Local\Programs\MiKTeX 2.9\tex/generic/pgf\pgf.revisio
n.tex")
Package: pgfrcs 2019/02/02 v3.1.1 (3.1.1)
))
Package: pgf 2019/02/02 v3.1.1 (3.1.1)

("C:\Users\Angela\AppData\Local\Programs\MiKTeX 2.9\tex/latex/pgf/basiclayer\pg
fcore.sty"
("C:\Users\Angela\AppData\Local\Programs\MiKTeX 2.9\tex/latex/pgf/systemlayer\p
gfsys.sty"
("C:\Users\Angela\AppData\Local\Programs\MiKTeX 2.9\tex/generic/pgf/systemlayer
\pgfsys.code.tex"
Package: pgfsys 2019/02/02 v3.1.1 (3.1.1)

("C:\Users\Angela\AppData\Local\Programs\MiKTeX 2.9\tex/generic/pgf/utilities\p
gfkeys.code.tex"
\pgfkeys@pathtoks=\toks30
\pgfkeys@temptoks=\toks31

("C:\Users\Angela\AppData\Local\Programs\MiKTeX 2.9\tex/generic/pgf/utilities\p
gfkeysfiltered.code.tex"
\pgfkeys@tmptoks=\toks32
))
\pgf@x=\dimen132
\pgf@y=\dimen133
\pgf@xa=\dimen134
\pgf@ya=\dimen135
\pgf@xb=\dimen136
\pgf@yb=\dimen137
\pgf@xc=\dimen138
\pgf@yc=\dimen139
\w@pgf@writea=\write3
\r@pgf@reada=\read1
\c@pgf@counta=\count121
\c@pgf@countb=\count122
\c@pgf@countc=\count123
\c@pgf@countd=\count124
\t@pgf@toka=\toks33
\t@pgf@tokb=\toks34
\t@pgf@tokc=\toks35
\pgf@sys@id@count=\count125

("C:\Users\Angela\AppData\Local\Programs\MiKTeX 2.9\tex/generic/pgf/systemlayer
\pgf.cfg"
File: pgf.cfg 2019/02/02 v3.1.1 (3.1.1)
)
Driver file for pgf: pgfsys-pdftex.def

("C:\Users\Angela\AppData\Local\Programs\MiKTeX 2.9\tex/generic/pgf/systemlayer
\pgfsys-pdftex.def"
File: pgfsys-pdftex.def 2019/02/02 v3.1.1 (3.1.1)

("C:\Users\Angela\AppData\Local\Programs\MiKTeX 2.9\tex/generic/pgf/systemlayer
\pgfsys-common-pdf.def"
File: pgfsys-common-pdf.def 2019/02/02 v3.1.1 (3.1.1)
)))
("C:\Users\Angela\AppData\Local\Programs\MiKTeX 2.9\tex/generic/pgf/systemlayer
\pgfsyssoftpath.code.tex"
File: pgfsyssoftpath.code.tex 2019/02/02 v3.1.1 (3.1.1)
\pgfsyssoftpath@smallbuffer@items=\count126
\pgfsyssoftpath@bigbuffer@items=\count127
)
("C:\Users\Angela\AppData\Local\Programs\MiKTeX 2.9\tex/generic/pgf/systemlayer
\pgfsysprotocol.code.tex"
File: pgfsysprotocol.code.tex 2019/02/02 v3.1.1 (3.1.1)
))
("C:\Users\Angela\AppData\Local\Programs\MiKTeX 2.9\tex/latex/xcolor\xcolor.sty
"
Package: xcolor 2016/05/11 v2.12 LaTeX color extensions (UK)

("C:\Users\Angela\AppData\Local\Programs\MiKTeX 2.9\tex/latex/graphics-cfg\colo
r.cfg"
File: color.cfg 2016/01/02 v1.6 sample color configuration
)
Package xcolor Info: Driver file: pdftex.def on input line 225.
LaTeX Info: Redefining \color on input line 709.
Package xcolor Info: Model `cmy' substituted by `cmy0' on input line 1348.
Package xcolor Info: Model `hsb' substituted by `rgb' on input line 1352.
Package xcolor Info: Model `RGB' extended on input line 1364.
Package xcolor Info: Model `HTML' substituted by `rgb' on input line 1366.
Package xcolor Info: Model `Hsb' substituted by `hsb' on input line 1367.
Package xcolor Info: Model `tHsb' substituted by `hsb' on input line 1368.
Package xcolor Info: Model `HSB' substituted by `hsb' on input line 1369.
Package xcolor Info: Model `Gray' substituted by `gray' on input line 1370.
Package xcolor Info: Model `wave' substituted by `hsb' on input line 1371.
)
("C:\Users\Angela\AppData\Local\Programs\MiKTeX 2.9\tex/generic/pgf/basiclayer\
pgfcore.code.tex"
Package: pgfcore 2019/02/02 v3.1.1 (3.1.1)

("C:\Users\Angela\AppData\Local\Programs\MiKTeX 2.9\tex/generic/pgf/math\pgfmat
h.code.tex"
("C:\Users\Angela\AppData\Local\Programs\MiKTeX 2.9\tex/generic/pgf/math\pgfmat
hcalc.code.tex"
("C:\Users\Angela\AppData\Local\Programs\MiKTeX 2.9\tex/generic/pgf/math\pgfmat
hutil.code.tex")
("C:\Users\Angela\AppData\Local\Programs\MiKTeX 2.9\tex/generic/pgf/math\pgfmat
hparser.code.tex"
\pgfmath@dimen=\dimen140
\pgfmath@count=\count128
\pgfmath@box=\box56
\pgfmath@toks=\toks36
\pgfmath@stack@operand=\toks37
\pgfmath@stack@operation=\toks38
)
("C:\Users\Angela\AppData\Local\Programs\MiKTeX 2.9\tex/generic/pgf/math\pgfmat
hfunctions.code.tex"
("C:\Users\Angela\AppData\Local\Programs\MiKTeX 2.9\tex/generic/pgf/math\pgfmat
hfunctions.basic.code.tex")
("C:\Users\Angela\AppData\Local\Programs\MiKTeX 2.9\tex/generic/pgf/math\pgfmat
hfunctions.trigonometric.code.tex")
("C:\Users\Angela\AppData\Local\Programs\MiKTeX 2.9\tex/generic/pgf/math\pgfmat
hfunctions.random.code.tex")
("C:\Users\Angela\AppData\Local\Programs\MiKTeX 2.9\tex/generic/pgf/math\pgfmat
hfunctions.comparison.code.tex")
("C:\Users\Angela\AppData\Local\Programs\MiKTeX 2.9\tex/generic/pgf/math\pgfmat
hfunctions.base.code.tex")
("C:\Users\Angela\AppData\Local\Programs\MiKTeX 2.9\tex/generic/pgf/math\pgfmat
hfunctions.round.code.tex")
("C:\Users\Angela\AppData\Local\Programs\MiKTeX 2.9\tex/generic/pgf/math\pgfmat
hfunctions.misc.code.tex")
("C:\Users\Angela\AppData\Local\Programs\MiKTeX 2.9\tex/generic/pgf/math\pgfmat
hfunctions.integerarithmetics.code.tex")))
("C:\Users\Angela\AppData\Local\Programs\MiKTeX 2.9\tex/generic/pgf/math\pgfmat
hfloat.code.tex"
\c@pgfmathroundto@lastzeros=\count129
))
("C:\Users\Angela\AppData\Local\Programs\MiKTeX 2.9\tex/generic/pgf/basiclayer\
pgfcorepoints.code.tex"
File: pgfcorepoints.code.tex 2019/02/02 v3.1.1 (3.1.1)
\pgf@picminx=\dimen141
\pgf@picmaxx=\dimen142
\pgf@picminy=\dimen143
\pgf@picmaxy=\dimen144
\pgf@pathminx=\dimen145
\pgf@pathmaxx=\dimen146
\pgf@pathminy=\dimen147
\pgf@pathmaxy=\dimen148
\pgf@xx=\dimen149
\pgf@xy=\dimen150
\pgf@yx=\dimen151
\pgf@yy=\dimen152
\pgf@zx=\dimen153
\pgf@zy=\dimen154
)
("C:\Users\Angela\AppData\Local\Programs\MiKTeX 2.9\tex/generic/pgf/basiclayer\
pgfcorepathconstruct.code.tex"
File: pgfcorepathconstruct.code.tex 2019/02/02 v3.1.1 (3.1.1)
\pgf@path@lastx=\dimen155
\pgf@path@lasty=\dimen156
)
("C:\Users\Angela\AppData\Local\Programs\MiKTeX 2.9\tex/generic/pgf/basiclayer\
pgfcorepathusage.code.tex"
File: pgfcorepathusage.code.tex 2019/02/02 v3.1.1 (3.1.1)
\pgf@shorten@end@additional=\dimen157
\pgf@shorten@start@additional=\dimen158
)
("C:\Users\Angela\AppData\Local\Programs\MiKTeX 2.9\tex/generic/pgf/basiclayer\
pgfcorescopes.code.tex"
File: pgfcorescopes.code.tex 2019/02/02 v3.1.1 (3.1.1)
\pgfpic=\box57
\pgf@hbox=\box58
\pgf@layerbox@main=\box59
\pgf@picture@serial@count=\count130
)
("C:\Users\Angela\AppData\Local\Programs\MiKTeX 2.9\tex/generic/pgf/basiclayer\
pgfcoregraphicstate.code.tex"
File: pgfcoregraphicstate.code.tex 2019/02/02 v3.1.1 (3.1.1)
\pgflinewidth=\dimen159
)
("C:\Users\Angela\AppData\Local\Programs\MiKTeX 2.9\tex/generic/pgf/basiclayer\
pgfcoretransformations.code.tex"
File: pgfcoretransformations.code.tex 2019/02/02 v3.1.1 (3.1.1)
\pgf@pt@x=\dimen160
\pgf@pt@y=\dimen161
\pgf@pt@temp=\dimen162
)
("C:\Users\Angela\AppData\Local\Programs\MiKTeX 2.9\tex/generic/pgf/basiclayer\
pgfcorequick.code.tex"
File: pgfcorequick.code.tex 2019/02/02 v3.1.1 (3.1.1)
)
("C:\Users\Angela\AppData\Local\Programs\MiKTeX 2.9\tex/generic/pgf/basiclayer\
pgfcoreobjects.code.tex"
File: pgfcoreobjects.code.tex 2019/02/02 v3.1.1 (3.1.1)
)
("C:\Users\Angela\AppData\Local\Programs\MiKTeX 2.9\tex/generic/pgf/basiclayer\
pgfcorepathprocessing.code.tex"
File: pgfcorepathprocessing.code.tex 2019/02/02 v3.1.1 (3.1.1)
)
("C:\Users\Angela\AppData\Local\Programs\MiKTeX 2.9\tex/generic/pgf/basiclayer\
pgfcorearrows.code.tex"
File: pgfcorearrows.code.tex 2019/02/02 v3.1.1 (3.1.1)
\pgfarrowsep=\dimen163
)
("C:\Users\Angela\AppData\Local\Programs\MiKTeX 2.9\tex/generic/pgf/basiclayer\
pgfcoreshade.code.tex"
File: pgfcoreshade.code.tex 2019/02/02 v3.1.1 (3.1.1)
\pgf@max=\dimen164
\pgf@sys@shading@range@num=\count131
)
("C:\Users\Angela\AppData\Local\Programs\MiKTeX 2.9\tex/generic/pgf/basiclayer\
pgfcoreimage.code.tex"
File: pgfcoreimage.code.tex 2019/02/02 v3.1.1 (3.1.1)

("C:\Users\Angela\AppData\Local\Programs\MiKTeX 2.9\tex/generic/pgf/basiclayer\
pgfcoreexternal.code.tex"
File: pgfcoreexternal.code.tex 2019/02/02 v3.1.1 (3.1.1)
\pgfexternal@startupbox=\box60
))
("C:\Users\Angela\AppData\Local\Programs\MiKTeX 2.9\tex/generic/pgf/basiclayer\
pgfcorelayers.code.tex"
File: pgfcorelayers.code.tex 2019/02/02 v3.1.1 (3.1.1)
)
("C:\Users\Angela\AppData\Local\Programs\MiKTeX 2.9\tex/generic/pgf/basiclayer\
pgfcoretransparency.code.tex"
File: pgfcoretransparency.code.tex 2019/02/02 v3.1.1 (3.1.1)
)
("C:\Users\Angela\AppData\Local\Programs\MiKTeX 2.9\tex/generic/pgf/basiclayer\
pgfcorepatterns.code.tex"
File: pgfcorepatterns.code.tex 2019/02/02 v3.1.1 (3.1.1)
)
("C:\Users\Angela\AppData\Local\Programs\MiKTeX 2.9\tex/generic/pgf/basiclayer\
pgfcorerdf.code.tex"
File: pgfcorerdf.code.tex 2019/02/02 v3.1.1 (3.1.1)
)))
("C:\Users\Angela\AppData\Local\Programs\MiKTeX 2.9\tex/generic/pgf/modules\pgf
moduleshapes.code.tex"
File: pgfmoduleshapes.code.tex 2019/02/02 v3.1.1 (3.1.1)
\pgfnodeparttextbox=\box61
)
("C:\Users\Angela\AppData\Local\Programs\MiKTeX 2.9\tex/generic/pgf/modules\pgf
moduleplot.code.tex"
File: pgfmoduleplot.code.tex 2019/02/02 v3.1.1 (3.1.1)
)
("C:\Users\Angela\AppData\Local\Programs\MiKTeX 2.9\tex/latex/pgf/compatibility
\pgfcomp-version-0-65.sty"
Package: pgfcomp-version-0-65 2019/02/02 v3.1.1 (3.1.1)
\pgf@nodesepstart=\dimen165
\pgf@nodesepend=\dimen166
)
("C:\Users\Angela\AppData\Local\Programs\MiKTeX 2.9\tex/latex/pgf/compatibility
\pgfcomp-version-1-18.sty"
Package: pgfcomp-version-1-18 2019/02/02 v3.1.1 (3.1.1)
))
("C:\Users\Angela\AppData\Local\Programs\MiKTeX 2.9\tex/latex/pgf/utilities\pgf
for.sty"
("C:\Users\Angela\AppData\Local\Programs\MiKTeX 2.9\tex/latex/pgf/utilities\pgf
keys.sty"
("C:\Users\Angela\AppData\Local\Programs\MiKTeX 2.9\tex/generic/pgf/utilities\p
gfkeys.code.tex"))
("C:\Users\Angela\AppData\Local\Programs\MiKTeX 2.9\tex/latex/pgf/math\pgfmath.
sty"
("C:\Users\Angela\AppData\Local\Programs\MiKTeX 2.9\tex/generic/pgf/math\pgfmat
h.code.tex"))
("C:\Users\Angela\AppData\Local\Programs\MiKTeX 2.9\tex/generic/pgf/utilities\p
gffor.code.tex"
Package: pgffor 2019/02/02 v3.1.1 (3.1.1)

("C:\Users\Angela\AppData\Local\Programs\MiKTeX 2.9\tex/generic/pgf/math\pgfmat
h.code.tex")
\pgffor@iter=\dimen167
\pgffor@skip=\dimen168
\pgffor@stack=\toks39
\pgffor@toks=\toks40
))
("C:\Users\Angela\AppData\Local\Programs\MiKTeX 2.9\tex/generic/pgf/frontendlay
er/tikz\tikz.code.tex"
Package: tikz 2019/02/02 v3.1.1 (3.1.1)

("C:\Users\Angela\AppData\Local\Programs\MiKTeX 2.9\tex/generic/pgf/libraries\p
gflibraryplothandlers.code.tex"
File: pgflibraryplothandlers.code.tex 2019/02/02 v3.1.1 (3.1.1)
\pgf@plot@mark@count=\count132
\pgfplotmarksize=\dimen169
)
\tikz@lastx=\dimen170
\tikz@lasty=\dimen171
\tikz@lastxsaved=\dimen172
\tikz@lastysaved=\dimen173
\tikzleveldistance=\dimen174
\tikzsiblingdistance=\dimen175
\tikz@figbox=\box62
\tikz@figbox@bg=\box63
\tikz@tempbox=\box64
\tikz@tempbox@bg=\box65
\tikztreelevel=\count133
\tikznumberofchildren=\count134
\tikznumberofcurrentchild=\count135
\tikz@fig@count=\count136

("C:\Users\Angela\AppData\Local\Programs\MiKTeX 2.9\tex/generic/pgf/modules\pgf
modulematrix.code.tex"
File: pgfmodulematrix.code.tex 2019/02/02 v3.1.1 (3.1.1)
\pgfmatrixcurrentrow=\count137
\pgfmatrixcurrentcolumn=\count138
\pgf@matrix@numberofcolumns=\count139
)
\tikz@expandcount=\count140

("C:\Users\Angela\AppData\Local\Programs\MiKTeX 2.9\tex/generic/pgf/frontendlay
er/tikz/libraries\tikzlibrarytopaths.code.tex"
File: tikzlibrarytopaths.code.tex 2019/02/02 v3.1.1 (3.1.1)
)))
\c@defn=\count141
\c@lema=\count142
\c@obs=\count143
\c@teo=\count144
\c@cor=\count145
 (Template_Lista1_TG.aux)
\openout1 = `Template_Lista1_TG.aux'.

LaTeX Font Info:    Checking defaults for OML/cmm/m/it on input line 41.
LaTeX Font Info:    ... okay on input line 41.
LaTeX Font Info:    Checking defaults for T1/cmr/m/n on input line 41.
LaTeX Font Info:    ... okay on input line 41.
LaTeX Font Info:    Checking defaults for OT1/cmr/m/n on input line 41.
LaTeX Font Info:    ... okay on input line 41.
LaTeX Font Info:    Checking defaults for OMS/cmsy/m/n on input line 41.
LaTeX Font Info:    ... okay on input line 41.
LaTeX Font Info:    Checking defaults for OMX/cmex/m/n on input line 41.
LaTeX Font Info:    ... okay on input line 41.
LaTeX Font Info:    Checking defaults for U/cmr/m/n on input line 41.
LaTeX Font Info:    ... okay on input line 41.
LaTeX Font Info:    Checking defaults for PD1/pdf/m/n on input line 41.
LaTeX Font Info:    ... okay on input line 41.

("C:\Users\Angela\AppData\Local\Programs\MiKTeX 2.9\tex/context/base/mkii\supp-
pdf.mkii"
[Loading MPS to PDF converter (version 2006.09.02).]
\scratchcounter=\count146
\scratchdimen=\dimen176
\scratchbox=\box66
\nofMPsegments=\count147
\nofMParguments=\count148
\everyMPshowfont=\toks41
\MPscratchCnt=\count149
\MPscratchDim=\dimen177
\MPnumerator=\count150
\makeMPintoPDFobject=\count151
\everyMPtoPDFconversion=\toks42
)
("C:\Users\Angela\AppData\Local\Programs\MiKTeX 2.9\tex/latex/oberdiek\epstopdf
-base.sty"
Package: epstopdf-base 2016/05/15 v2.6 Base part for package epstopdf

("C:\Users\Angela\AppData\Local\Programs\MiKTeX 2.9\tex/latex/oberdiek\grfext.s
ty"
Package: grfext 2016/05/16 v1.2 Manage graphics extensions (HO)
)
Package epstopdf-base Info: Redefining graphics rule for `.eps' on input line 4
38.
Package grfext Info: Graphics extension search list:
(grfext)             [.pdf,.png,.jpg,.mps,.jpeg,.jbig2,.jb2,.PDF,.PNG,.JPG,.JPE
G,.JBIG2,.JB2,.eps]
(grfext)             \AppendGraphicsExtensions on input line 456.
)
\AtBeginShipoutBox=\box67
Package hyperref Info: Link coloring OFF on input line 41.

("C:\Users\Angela\AppData\Local\Programs\MiKTeX 2.9\tex/latex/hyperref\nameref.
sty"
Package: nameref 2016/05/21 v2.44 Cross-referencing by name of section

("C:\Users\Angela\AppData\Local\Programs\MiKTeX 2.9\tex/generic/oberdiek\gettit
lestring.sty"
Package: gettitlestring 2016/05/16 v1.5 Cleanup title references (HO)
)
\c@section@level=\count152
)
LaTeX Info: Redefining \ref on input line 41.
LaTeX Info: Redefining \pageref on input line 41.
LaTeX Info: Redefining \nameref on input line 41.
 (Template_Lista1_TG.out) (Template_Lista1_TG.out)
\@outlinefile=\write4
\openout4 = `Template_Lista1_TG.out'.


ABD: EveryShipout initializing macros
LaTeX Font Info:    Try loading font information for U+msa on input line 62.

("C:\Users\Angela\AppData\Local\Programs\MiKTeX 2.9\tex/latex/amsfonts\umsa.fd"
File: umsa.fd 2013/01/14 v3.01 AMS symbols A
)
LaTeX Font Info:    Try loading font information for U+msb on input line 62.
 ("C:\Users\Angela\AppData\Local\Programs\MiKTeX 2.9\tex/latex/amsfonts\umsb.fd
"
File: umsb.fd 2013/01/14 v3.01 AMS symbols B
)
<if_simples.jpg, id=6, 1184.425pt x 473.77pt>
File: if_simples.jpg Graphic file (type jpg)
<use if_simples.jpg>
Package pdftex.def Info: if_simples.jpg  used on input line 134.
(pdftex.def)             Requested size: 234.73013pt x 93.89418pt.


Package Fancyhdr Warning: \headheight is too small (45.52458pt): 
Make it at least 97.97421pt.
We now make it that large for the rest of the document.
This may cause the page layout to be inconsistent, however.


Package Fancyhdr Warning: \footskip is too small (0.0pt): 
Make it at least 4.08003pt.
We now make it that large for the rest of the document.
This may cause the page layout to be inconsistent, however.

[1

{C:/Users/Angela/AppData/Local/MiKTeX/2.9/pdftex/config/pdftex.map} <./if_simpl
es.jpg>]

Package amsmath Warning: Foreign command \atopwithdelims;
(amsmath)                \frac or \genfrac should be used instead
(amsmath)                 on input line 177.

\c@exercicios=\count153
File: if_simples.jpg Graphic file (type jpg)
<use if_simples.jpg>
Package pdftex.def Info: if_simples.jpg  used on input line 206.
(pdftex.def)             Requested size: 234.73013pt x 93.89418pt.
[2]
Underfull \hbox (badness 10000) in paragraph at lines 215--227

 []


Underfull \hbox (badness 10000) in paragraph at lines 227--239
[]\T1/aer/m/n/10.95 Multigrafo: Grafo não-
 []


Underfull \hbox (badness 10000) in paragraph at lines 227--239

 []


Underfull \hbox (badness 10000) in paragraph at lines 248--258

 []


Underfull \hbox (badness 10000) in paragraph at lines 258--269

 []


Underfull \hbox (badness 10000) in paragraph at lines 269--280

 []


Underfull \hbox (badness 10000) in paragraph at lines 280--292

 []


Underfull \hbox (badness 10000) in paragraph at lines 292--304

 []

File: if_simples.jpg Graphic file (type jpg)
<use if_simples.jpg>
Package pdftex.def Info: if_simples.jpg  used on input line 314.
(pdftex.def)             Requested size: 234.73013pt x 93.89418pt.
[3]
<busca.png, id=65, 617.83765pt x 423.70059pt>
File: busca.png Graphic file (type png)
<use busca.png>
Package pdftex.def Info: busca.png  used on input line 321.
(pdftex.def)             Requested size: 284.5293pt x 150.79944pt.

Underfull \hbox (badness 10000) in paragraph at lines 325--358
[]
 []


Overfull \hbox (63.33748pt too wide) in paragraph at lines 325--358
[] 
 []

File: if_simples.jpg Graphic file (type jpg)
<use if_simples.jpg>
Package pdftex.def Info: if_simples.jpg  used on input line 368.
(pdftex.def)             Requested size: 234.73013pt x 93.89418pt.
[4 <./busca.png>]
File: if_simples.jpg Graphic file (type jpg)
<use if_simples.jpg>
Package pdftex.def Info: if_simples.jpg  used on input line 418.
(pdftex.def)             Requested size: 234.73013pt x 93.89418pt.
 [5]
Underfull \hbox (badness 10000) in paragraph at lines 421--422

 []

<Grafo01.png, id=83, 376.40625pt x 116.68594pt>
File: Grafo01.png Graphic file (type png)
<use Grafo01.png>
Package pdftex.def Info: Grafo01.png  used on input line 427.
(pdftex.def)             Requested size: 284.54968pt x 142.28006pt.
<Grafo01prim.png, id=85, 376.40625pt x 116.68594pt>
File: Grafo01prim.png Graphic file (type png)
<use Grafo01prim.png>
Package pdftex.def Info: Grafo01prim.png  used on input line 431.
(pdftex.def)             Requested size: 284.54968pt x 142.28006pt.
<Grafo01krusk.png, id=86, 376.40625pt x 116.68594pt>
File: Grafo01krusk.png Graphic file (type png)
<use Grafo01krusk.png>
Package pdftex.def Info: Grafo01krusk.png  used on input line 436.
(pdftex.def)             Requested size: 284.54968pt x 142.28006pt.
<Grafo02.png, id=87, 352.31625pt x 118.19156pt>
File: Grafo02.png Graphic file (type png)
<use Grafo02.png>
Package pdftex.def Info: Grafo02.png  used on input line 441.
(pdftex.def)             Requested size: 284.5252pt x 142.2674pt.
LaTeX Font Info:    Try loading font information for T1+aett on input line 449.

("C:\Users\Angela\AppData\Local\Programs\MiKTeX 2.9\tex/latex/ae\t1aett.fd"
File: t1aett.fd 1997/11/16 Font definitions for T1/aett.
)
File: if_simples.jpg Graphic file (type jpg)
<use if_simples.jpg>
Package pdftex.def Info: if_simples.jpg  used on input line 454.
(pdftex.def)             Requested size: 234.73013pt x 93.89418pt.

[6 <./Grafo01.png> <./Grafo01prim.png> <./Grafo01krusk.png>]
File: if_simples.jpg Graphic file (type jpg)
<use if_simples.jpg>
Package pdftex.def Info: if_simples.jpg  used on input line 457.
(pdftex.def)             Requested size: 234.73013pt x 93.89418pt.
 [7 <./Grafo02.png>]
File: if_simples.jpg Graphic file (type jpg)
<use if_simples.jpg>
Package pdftex.def Info: if_simples.jpg  used on input line 476.
(pdftex.def)             Requested size: 234.73013pt x 93.89418pt.
 [8]
Package atveryend Info: Empty hook `BeforeClearDocument' on input line 476.
Package atveryend Info: Empty hook `AfterLastShipout' on input line 476.
 (Template_Lista1_TG.aux)
Package atveryend Info: Executing hook `AtVeryEndDocument' on input line 476.
Package atveryend Info: Executing hook `AtEndAfterFileList' on input line 476.
Package rerunfilecheck Info: File `Template_Lista1_TG.out' has not changed.
(rerunfilecheck)             Checksum: D41D8CD98F00B204E9800998ECF8427E;0.
Package atveryend Info: Empty hook `AtVeryVeryEnd' on input line 476.
 ) 
Here is how much of TeX's memory you used:
 17337 strings out of 492946
 323585 string characters out of 3125822
 409895 words of memory out of 3000000
 20819 multiletter control sequences out of 15000+200000
 30284 words of font info for 68 fonts, out of 3000000 for 9000
 1141 hyphenation exceptions out of 8191
 55i,16n,61p,473b,786s stack positions out of 5000i,500n,10000p,200000b,50000s
<C:/Users/Angela/AppData/Local/Programs/MiKTeX 2.9/fonts/type1/public/amsfont
s/cm/cmbx10.pfb><C:/Users/Angela/AppData/Local/Programs/MiKTeX 2.9/fonts/type1/
public/amsfonts/cm/cmbx12.pfb><C:/Users/Angela/AppData/Local/Programs/MiKTeX 2.
9/fonts/type1/public/amsfonts/cm/cmbxti10.pfb><C:/Users/Angela/AppData/Local/Pr
ograms/MiKTeX 2.9/fonts/type1/public/amsfonts/cm/cmex10.pfb><C:/Users/Angela/Ap
pData/Local/Programs/MiKTeX 2.9/fonts/type1/public/amsfonts/cm/cmmi10.pfb><C:/U
sers/Angela/AppData/Local/Programs/MiKTeX 2.9/fonts/type1/public/amsfonts/cm/cm
mi6.pfb><C:/Users/Angela/AppData/Local/Programs/MiKTeX 2.9/fonts/type1/public/a
msfonts/cm/cmmi8.pfb><C:/Users/Angela/AppData/Local/Programs/MiKTeX 2.9/fonts/t
ype1/public/amsfonts/cm/cmr10.pfb><C:/Users/Angela/AppData/Local/Programs/MiKTe
X 2.9/fonts/type1/public/amsfonts/cm/cmr12.pfb><C:/Users/Angela/AppData/Local/P
rograms/MiKTeX 2.9/fonts/type1/public/amsfonts/cm/cmr6.pfb><C:/Users/Angela/App
Data/Local/Programs/MiKTeX 2.9/fonts/type1/public/amsfonts/cm/cmr8.pfb><C:/User
s/Angela/AppData/Local/Programs/MiKTeX 2.9/fonts/type1/public/amsfonts/cm/cmsy1
0.pfb><C:/Users/Angela/AppData/Local/Programs/MiKTeX 2.9/fonts/type1/public/ams
fonts/cm/cmsy8.pfb><C:/Users/Angela/AppData/Local/Programs/MiKTeX 2.9/fonts/typ
e1/public/amsfonts/cm/cmti10.pfb><C:/Users/Angela/AppData/Local/Programs/MiKTeX
 2.9/fonts/type1/public/amsfonts/cm/cmtt10.pfb>
Output written on Template_Lista1_TG.pdf (8 pages, 573026 bytes).
PDF statistics:
 170 PDF objects out of 1000 (max. 8388607)
 51 named destinations out of 1000 (max. 500000)
 43 words of extra memory for PDF output out of 10000 (max. 10000000)

